[2024-01-12 13:18:42] [INFO]    [OmnipathR] Welcome to OmnipathR!
[2024-01-12 13:18:42] [TRACE]   [OmnipathR] Reading JSON from `/home/mami/.cache/OmnipathR/cache.json` (encoding: UTF-8).
[2024-01-12 13:18:42] [TRACE]   [OmnipathR] JSON validation successful: TRUE
[2024-01-12 13:18:42] [INFO]    [OmnipathR] Initialized cache: `/home/mami/.cache/OmnipathR`.
[2024-01-12 13:18:42] [TRACE]   [OmnipathR] Reading JSON from `/home/mami/R/x86_64-pc-linux-gnu-library/4.1/OmnipathR/db/db_def.json` (encoding: UTF-8).
[2024-01-12 13:18:42] [TRACE]   [OmnipathR] JSON validation successful: TRUE
[2024-01-12 13:18:42] [TRACE]   [OmnipathR] Reading JSON from `/home/mami/R/x86_64-pc-linux-gnu-library/4.1/OmnipathR/internal/magic_bytes.json` (encoding: UTF-8).
[2024-01-12 13:18:42] [TRACE]   [OmnipathR] JSON validation successful: TRUE
[2024-01-12 13:18:42] [TRACE]   [OmnipathR] Reading JSON from `/home/mami/R/x86_64-pc-linux-gnu-library/4.1/OmnipathR/internal/urls.json` (encoding: UTF-8).
[2024-01-12 13:18:42] [TRACE]   [OmnipathR] JSON validation successful: TRUE
[2024-01-12 13:18:42] [TRACE]   [OmnipathR] Reading JSON from `/home/mami/R/x86_64-pc-linux-gnu-library/4.1/OmnipathR/internal/id_types.json` (encoding: UTF-8).
[2024-01-12 13:18:42] [TRACE]   [OmnipathR] JSON validation successful: TRUE
[2024-01-12 13:19:05] [TRACE]   [OmnipathR] Loaded data from RDS `/home/mami/.cache/OmnipathR/0fbfb4de77ad3ee1c1676ccf1db67b570530f02f-1.rds`.
[2024-01-12 13:19:05] [INFO]    [OmnipathR] Loaded from cache: `https://omnipathdb.org/interactions?genesymbols=yes&datasets=ligrecextra&organisms=9606&fields=sources,references,curation_effort&license=academic`
[2024-01-12 13:19:05] [SUCCESS] [OmnipathR] Loaded 8350 interactions from cache.
[2024-01-12 13:19:05] [TRACE]   [OmnipathR] Reading JSON from `https://omnipathdb.org/resources` (encoding: UTF-8).
[2024-01-12 13:19:05] [TRACE]   [OmnipathR] JSON validation successful: TRUE
[2024-01-12 13:19:05] [TRACE]   [OmnipathR] Loaded data from RDS `/home/mami/.cache/OmnipathR/69503cb1a01671e7c77c0e80e6ca0ce4110a89fe-1.rds`.
[2024-01-12 13:19:05] [INFO]    [OmnipathR] Loaded from cache: `https://omnipathdb.org/interactions?genesymbols=yes&resources=Guide2Pharma,HPMR,ICELLNET,Kirouac2010,CellTalkDB,connectomeDB2020&datasets=omnipath,pathwayextra,kinaseextra,ligrecextra&organisms=9606&fields=sources,references,curation_effort&license=academic`
[2024-01-12 13:19:06] [SUCCESS] [OmnipathR] Loaded 4580 interactions from cache.
[2024-01-12 13:19:06] [TRACE]   [OmnipathR] Reading JSON from `https://omnipathdb.org/resources` (encoding: UTF-8).
[2024-01-12 13:19:06] [TRACE]   [OmnipathR] JSON validation successful: TRUE
[2024-01-12 13:19:06] [TRACE]   [OmnipathR] Loaded data from RDS `/home/mami/.cache/OmnipathR/ec8c89037e2c920468342c7c2326c74a5474eedc-1.rds`.
[2024-01-12 13:19:06] [INFO]    [OmnipathR] Loaded from cache: `https://omnipathdb.org/interactions?genesymbols=yes&resources=CellPhoneDB&datasets=omnipath,pathwayextra,kinaseextra,ligrecextra&organisms=9606&fields=extra_attrs,sources,references,curation_effort&license=academic`
[2024-01-12 13:19:06] [SUCCESS] [OmnipathR] Loaded 1475 interactions from cache.
[2024-01-12 13:19:06] [TRACE]   [OmnipathR] Reading JSON from `https://omnipathdb.org/resources` (encoding: UTF-8).
[2024-01-12 13:19:06] [TRACE]   [OmnipathR] JSON validation successful: TRUE
[2024-01-12 13:19:06] [TRACE]   [OmnipathR] Loaded data from RDS `/home/mami/.cache/OmnipathR/8173bc9dfc09711dc80f48d9c3c5bd57af3d8be5-1.rds`.
[2024-01-12 13:19:06] [INFO]    [OmnipathR] Loaded from cache: `https://omnipathdb.org/interactions?genesymbols=yes&resources=Cellinker&datasets=omnipath,pathwayextra,kinaseextra,ligrecextra&organisms=9606&fields=extra_attrs,sources,references,curation_effort&license=academic`
[2024-01-12 13:19:06] [SUCCESS] [OmnipathR] Loaded 3765 interactions from cache.
[2024-01-12 13:19:07] [TRACE]   [OmnipathR] Reading JSON from `https://omnipathdb.org/resources` (encoding: UTF-8).
[2024-01-12 13:19:07] [TRACE]   [OmnipathR] JSON validation successful: TRUE
[2024-01-12 13:19:07] [TRACE]   [OmnipathR] Loaded data from RDS `/home/mami/.cache/OmnipathR/b2de51666493a9c70a7b375972a2557903c14763-1.rds`.
[2024-01-12 13:19:07] [INFO]    [OmnipathR] Loaded from cache: `https://omnipathdb.org/interactions?genesymbols=yes&resources=talklr&datasets=omnipath,pathwayextra,kinaseextra,ligrecextra&organisms=9606&fields=extra_attrs,sources,references,curation_effort&license=academic`
[2024-01-12 13:19:07] [SUCCESS] [OmnipathR] Loaded 2485 interactions from cache.
[2024-01-12 13:19:07] [TRACE]   [OmnipathR] Reading JSON from `https://omnipathdb.org/resources` (encoding: UTF-8).
[2024-01-12 13:19:07] [TRACE]   [OmnipathR] JSON validation successful: TRUE
[2024-01-12 13:19:07] [TRACE]   [OmnipathR] Loaded data from RDS `/home/mami/.cache/OmnipathR/fedf7fd37a8e863f804aa073f2ae480ff78001e5-1.rds`.
[2024-01-12 13:19:07] [INFO]    [OmnipathR] Loaded from cache: `https://omnipathdb.org/interactions?genesymbols=yes&resources=CellChatDB&datasets=omnipath,pathwayextra,kinaseextra,ligrecextra&organisms=9606&fields=extra_attrs,sources,references,curation_effort&license=academic`
[2024-01-12 13:19:07] [SUCCESS] [OmnipathR] Loaded 1894 interactions from cache.
[2024-01-12 13:19:08] [TRACE]   [OmnipathR] Reading JSON from `https://omnipathdb.org/resources` (encoding: UTF-8).
[2024-01-12 13:19:08] [TRACE]   [OmnipathR] JSON validation successful: TRUE
[2024-01-12 13:19:08] [TRACE]   [OmnipathR] Loaded data from RDS `/home/mami/.cache/OmnipathR/95ee739b50bbfea2c48e5c86a64525084a1dab30-1.rds`.
[2024-01-12 13:19:08] [INFO]    [OmnipathR] Loaded from cache: `https://omnipathdb.org/interactions?genesymbols=yes&resources=SignaLink3&datasets=omnipath&organisms=9606&fields=sources,references,curation_effort&license=academic`
[2024-01-12 13:19:08] [SUCCESS] [OmnipathR] Loaded 1797 interactions from cache.
[2024-01-12 13:19:08] [TRACE]   [OmnipathR] Reading JSON from `https://omnipathdb.org/resources` (encoding: UTF-8).
[2024-01-12 13:19:08] [TRACE]   [OmnipathR] JSON validation successful: TRUE
[2024-01-12 13:19:08] [TRACE]   [OmnipathR] Loaded data from RDS `/home/mami/.cache/OmnipathR/4190db12b9aabca9c0851ec84aa3fbb71b5dfbcd-1.rds`.
[2024-01-12 13:19:08] [INFO]    [OmnipathR] Loaded from cache: `https://omnipathdb.org/annotations?resources=SignaLink_function&license=academic`
[2024-01-12 13:19:08] [SUCCESS] [OmnipathR] Loaded 1981 annotation records from cache.
[2024-01-12 13:20:22] [TRACE]   [OmnipathR] Loaded data from RDS `/home/mami/.cache/OmnipathR/0fbfb4de77ad3ee1c1676ccf1db67b570530f02f-1.rds`.
[2024-01-12 13:20:22] [INFO]    [OmnipathR] Loaded from cache: `https://omnipathdb.org/interactions?genesymbols=yes&datasets=ligrecextra&organisms=9606&fields=sources,references,curation_effort&license=academic`
[2024-01-12 13:20:22] [SUCCESS] [OmnipathR] Loaded 8350 interactions from cache.
[2024-01-12 13:20:23] [TRACE]   [OmnipathR] Reading JSON from `https://omnipathdb.org/resources` (encoding: UTF-8).
[2024-01-12 13:20:23] [TRACE]   [OmnipathR] JSON validation successful: TRUE
[2024-01-12 13:20:23] [TRACE]   [OmnipathR] Loaded data from RDS `/home/mami/.cache/OmnipathR/69503cb1a01671e7c77c0e80e6ca0ce4110a89fe-1.rds`.
[2024-01-12 13:20:23] [INFO]    [OmnipathR] Loaded from cache: `https://omnipathdb.org/interactions?genesymbols=yes&resources=Guide2Pharma,HPMR,ICELLNET,Kirouac2010,CellTalkDB,connectomeDB2020&datasets=omnipath,pathwayextra,kinaseextra,ligrecextra&organisms=9606&fields=sources,references,curation_effort&license=academic`
[2024-01-12 13:20:23] [SUCCESS] [OmnipathR] Loaded 4580 interactions from cache.
[2024-01-12 13:20:23] [TRACE]   [OmnipathR] Reading JSON from `https://omnipathdb.org/resources` (encoding: UTF-8).
[2024-01-12 13:20:23] [TRACE]   [OmnipathR] JSON validation successful: TRUE
[2024-01-12 13:20:23] [TRACE]   [OmnipathR] Loaded data from RDS `/home/mami/.cache/OmnipathR/ec8c89037e2c920468342c7c2326c74a5474eedc-1.rds`.
[2024-01-12 13:20:23] [INFO]    [OmnipathR] Loaded from cache: `https://omnipathdb.org/interactions?genesymbols=yes&resources=CellPhoneDB&datasets=omnipath,pathwayextra,kinaseextra,ligrecextra&organisms=9606&fields=extra_attrs,sources,references,curation_effort&license=academic`
[2024-01-12 13:20:23] [SUCCESS] [OmnipathR] Loaded 1475 interactions from cache.
[2024-01-12 13:20:23] [TRACE]   [OmnipathR] Reading JSON from `https://omnipathdb.org/resources` (encoding: UTF-8).
[2024-01-12 13:20:23] [TRACE]   [OmnipathR] JSON validation successful: TRUE
[2024-01-12 13:20:23] [TRACE]   [OmnipathR] Loaded data from RDS `/home/mami/.cache/OmnipathR/8173bc9dfc09711dc80f48d9c3c5bd57af3d8be5-1.rds`.
[2024-01-12 13:20:23] [INFO]    [OmnipathR] Loaded from cache: `https://omnipathdb.org/interactions?genesymbols=yes&resources=Cellinker&datasets=omnipath,pathwayextra,kinaseextra,ligrecextra&organisms=9606&fields=extra_attrs,sources,references,curation_effort&license=academic`
[2024-01-12 13:20:24] [SUCCESS] [OmnipathR] Loaded 3765 interactions from cache.
[2024-01-12 13:20:24] [TRACE]   [OmnipathR] Reading JSON from `https://omnipathdb.org/resources` (encoding: UTF-8).
[2024-01-12 13:20:24] [TRACE]   [OmnipathR] JSON validation successful: TRUE
[2024-01-12 13:20:24] [TRACE]   [OmnipathR] Loaded data from RDS `/home/mami/.cache/OmnipathR/b2de51666493a9c70a7b375972a2557903c14763-1.rds`.
[2024-01-12 13:20:24] [INFO]    [OmnipathR] Loaded from cache: `https://omnipathdb.org/interactions?genesymbols=yes&resources=talklr&datasets=omnipath,pathwayextra,kinaseextra,ligrecextra&organisms=9606&fields=extra_attrs,sources,references,curation_effort&license=academic`
[2024-01-12 13:20:24] [SUCCESS] [OmnipathR] Loaded 2485 interactions from cache.
[2024-01-12 13:20:24] [TRACE]   [OmnipathR] Reading JSON from `https://omnipathdb.org/resources` (encoding: UTF-8).
[2024-01-12 13:20:24] [TRACE]   [OmnipathR] JSON validation successful: TRUE
[2024-01-12 13:20:24] [TRACE]   [OmnipathR] Loaded data from RDS `/home/mami/.cache/OmnipathR/fedf7fd37a8e863f804aa073f2ae480ff78001e5-1.rds`.
[2024-01-12 13:20:24] [INFO]    [OmnipathR] Loaded from cache: `https://omnipathdb.org/interactions?genesymbols=yes&resources=CellChatDB&datasets=omnipath,pathwayextra,kinaseextra,ligrecextra&organisms=9606&fields=extra_attrs,sources,references,curation_effort&license=academic`
[2024-01-12 13:20:24] [SUCCESS] [OmnipathR] Loaded 1894 interactions from cache.
[2024-01-12 13:20:25] [TRACE]   [OmnipathR] Reading JSON from `https://omnipathdb.org/resources` (encoding: UTF-8).
[2024-01-12 13:20:25] [TRACE]   [OmnipathR] JSON validation successful: TRUE
[2024-01-12 13:20:25] [TRACE]   [OmnipathR] Loaded data from RDS `/home/mami/.cache/OmnipathR/95ee739b50bbfea2c48e5c86a64525084a1dab30-1.rds`.
[2024-01-12 13:20:25] [INFO]    [OmnipathR] Loaded from cache: `https://omnipathdb.org/interactions?genesymbols=yes&resources=SignaLink3&datasets=omnipath&organisms=9606&fields=sources,references,curation_effort&license=academic`
[2024-01-12 13:20:25] [SUCCESS] [OmnipathR] Loaded 1797 interactions from cache.
[2024-01-12 13:20:25] [TRACE]   [OmnipathR] Reading JSON from `https://omnipathdb.org/resources` (encoding: UTF-8).
[2024-01-12 13:20:25] [TRACE]   [OmnipathR] JSON validation successful: TRUE
[2024-01-12 13:20:25] [TRACE]   [OmnipathR] Loaded data from RDS `/home/mami/.cache/OmnipathR/4190db12b9aabca9c0851ec84aa3fbb71b5dfbcd-1.rds`.
[2024-01-12 13:20:25] [INFO]    [OmnipathR] Loaded from cache: `https://omnipathdb.org/annotations?resources=SignaLink_function&license=academic`
[2024-01-12 13:20:25] [SUCCESS] [OmnipathR] Loaded 1981 annotation records from cache.
[2024-01-12 13:20:26] [TRACE]   [OmnipathR] Loaded data from RDS `/home/mami/.cache/OmnipathR/2ca0b32a5eda2799cb44960b1f8b611cb1b73de5-1.rds`.
[2024-01-12 13:20:26] [INFO]    [OmnipathR] Loaded from cache: `https://omnipathdb.org/interactions?genesymbols=yes&datasets=omnipath,pathwayextra,kinaseextra,ligrecextra&organisms=9606&fields=sources,references,curation_effort&license=academic`
[2024-01-12 13:20:27] [SUCCESS] [OmnipathR] Loaded 80237 interactions from cache.
